<?xml version="1.0" encoding="UTF-8"?>
<!-- Generated by org.testng.reporters.JUnitXMLReporter -->
<testsuite ignored="0" hostname="Jyothsna" failures="0" tests="9" name="Capstone Regression Testing cycle" time="58.296" errors="0" timestamp="2024-12-27T12:02:29 IST">
  <testcase classname="capstoneproject.CapstoneClass1" name="ts1" time="0.238"/>
  <testcase classname="capstoneproject.CapstoneClass1" name="ts2" time="0.161"/>
  <testcase classname="capstoneproject.CapstoneClass1" name="ts3" time="1.463"/>
  <testcase classname="capstoneproject.CapstoneClass2" name="ts1" time="0.024"/>
  <testcase classname="capstoneproject.CapstoneClass2" name="ts2" time="0.033"/>
  <testcase classname="capstoneproject.CapstoneClass2" name="ts3" time="0.049"/>
  <testcase classname="capstoneproject.CapstoneClass3" name="dataRead" time="19.482"/>
  <testcase classname="capstoneproject.CapstoneClass4" name="verifyLink" time="0.956"/>
  <testcase classname="capstoneproject.CapstoneClass5" name="bugTrack" time="4.298"/>
</testsuite> <!-- Capstone Regression Testing cycle -->
