<?xml version="1.0" encoding="UTF-8"?>
<testng-results ignored="0" total="9" passed="9" failed="0" skipped="0">
  <reporter-output>
  </reporter-output>
  <suite started-at="2024-12-27T12:01:30 IST" name="Capstone Regression Suite" finished-at="2024-12-27T12:02:29 IST" duration-ms="58296">
    <groups>
    </groups>
    <test started-at="2024-12-27T12:01:30 IST" name="Capstone Regression Testing cycle" finished-at="2024-12-27T12:02:29 IST" duration-ms="58296">
      <class name="capstoneproject.CapstoneClass3">
        <test-method is-config="true" signature="launchApp()[pri:0, instance:capstoneproject.CapstoneClass3@54bff557]" started-at="2024-12-27T12:01:51 IST" name="launchApp" finished-at="2024-12-27T12:01:55 IST" duration-ms="4084" status="PASS">
          <reporter-output>
          </reporter-output>
        </test-method> <!-- launchApp -->
        <test-method signature="dataRead()[pri:0, instance:capstoneproject.CapstoneClass3@54bff557]" started-at="2024-12-27T12:01:55 IST" name="dataRead" finished-at="2024-12-27T12:02:14 IST" duration-ms="19482" status="PASS">
          <reporter-output>
          </reporter-output>
        </test-method> <!-- dataRead -->
        <test-method is-config="true" signature="closeApp()[pri:0, instance:capstoneproject.CapstoneClass3@54bff557]" started-at="2024-12-27T12:02:14 IST" name="closeApp" finished-at="2024-12-27T12:02:14 IST" duration-ms="108" status="PASS">
          <reporter-output>
          </reporter-output>
        </test-method> <!-- closeApp -->
      </class> <!-- capstoneproject.CapstoneClass3 -->
      <class name="capstoneproject.CapstoneClass4">
        <test-method is-config="true" signature="launchApp()[pri:0, instance:capstoneproject.CapstoneClass4@7c711375]" started-at="2024-12-27T12:02:14 IST" name="launchApp" finished-at="2024-12-27T12:02:19 IST" duration-ms="4597" status="PASS">
          <reporter-output>
          </reporter-output>
        </test-method> <!-- launchApp -->
        <test-method signature="verifyLink()[pri:0, instance:capstoneproject.CapstoneClass4@7c711375]" started-at="2024-12-27T12:02:19 IST" name="verifyLink" finished-at="2024-12-27T12:02:20 IST" duration-ms="956" status="PASS">
          <reporter-output>
          </reporter-output>
        </test-method> <!-- verifyLink -->
        <test-method is-config="true" signature="closeApp()[pri:0, instance:capstoneproject.CapstoneClass4@7c711375]" started-at="2024-12-27T12:02:20 IST" name="closeApp" finished-at="2024-12-27T12:02:20 IST" duration-ms="90" status="PASS">
          <reporter-output>
          </reporter-output>
        </test-method> <!-- closeApp -->
      </class> <!-- capstoneproject.CapstoneClass4 -->
      <class name="capstoneproject.CapstoneClass1">
        <test-method is-config="true" signature="launchApp()[pri:0, instance:capstoneproject.CapstoneClass1@5fbdfdcf]" started-at="2024-12-27T12:01:35 IST" name="launchApp" finished-at="2024-12-27T12:01:40 IST" duration-ms="4347" status="PASS">
          <reporter-output>
          </reporter-output>
        </test-method> <!-- launchApp -->
        <test-method signature="ts1()[pri:0, instance:capstoneproject.CapstoneClass1@5fbdfdcf]" started-at="2024-12-27T12:01:40 IST" name="ts1" finished-at="2024-12-27T12:01:40 IST" duration-ms="238" status="PASS">
          <reporter-output>
          </reporter-output>
        </test-method> <!-- ts1 -->
        <test-method is-config="true" signature="closeApp()[pri:0, instance:capstoneproject.CapstoneClass1@5fbdfdcf]" started-at="2024-12-27T12:01:40 IST" name="closeApp" finished-at="2024-12-27T12:01:40 IST" duration-ms="109" status="PASS">
          <reporter-output>
          </reporter-output>
        </test-method> <!-- closeApp -->
        <test-method is-config="true" signature="launchApp()[pri:0, instance:capstoneproject.CapstoneClass1@5fbdfdcf]" started-at="2024-12-27T12:01:40 IST" name="launchApp" finished-at="2024-12-27T12:01:44 IST" duration-ms="4447" status="PASS">
          <reporter-output>
          </reporter-output>
        </test-method> <!-- launchApp -->
        <test-method signature="ts2()[pri:0, instance:capstoneproject.CapstoneClass1@5fbdfdcf]" started-at="2024-12-27T12:01:44 IST" name="ts2" finished-at="2024-12-27T12:01:45 IST" duration-ms="161" status="PASS">
          <reporter-output>
          </reporter-output>
        </test-method> <!-- ts2 -->
        <test-method is-config="true" signature="closeApp()[pri:0, instance:capstoneproject.CapstoneClass1@5fbdfdcf]" started-at="2024-12-27T12:01:45 IST" name="closeApp" finished-at="2024-12-27T12:01:45 IST" duration-ms="85" status="PASS">
          <reporter-output>
          </reporter-output>
        </test-method> <!-- closeApp -->
        <test-method is-config="true" signature="launchApp()[pri:0, instance:capstoneproject.CapstoneClass1@5fbdfdcf]" started-at="2024-12-27T12:01:45 IST" name="launchApp" finished-at="2024-12-27T12:01:49 IST" duration-ms="4424" status="PASS">
          <reporter-output>
          </reporter-output>
        </test-method> <!-- launchApp -->
        <test-method signature="ts3()[pri:0, instance:capstoneproject.CapstoneClass1@5fbdfdcf]" started-at="2024-12-27T12:01:49 IST" name="ts3" finished-at="2024-12-27T12:01:50 IST" duration-ms="1463" status="PASS">
          <reporter-output>
          </reporter-output>
        </test-method> <!-- ts3 -->
        <test-method is-config="true" signature="closeApp()[pri:0, instance:capstoneproject.CapstoneClass1@5fbdfdcf]" started-at="2024-12-27T12:01:50 IST" name="closeApp" finished-at="2024-12-27T12:01:51 IST" duration-ms="108" status="PASS">
          <reporter-output>
          </reporter-output>
        </test-method> <!-- closeApp -->
      </class> <!-- capstoneproject.CapstoneClass1 -->
      <class name="capstoneproject.CapstoneClass2">
        <test-method is-config="true" signature="launchApp()[pri:0, instance:capstoneproject.CapstoneClass2@1de76cc7]" started-at="2024-12-27T12:01:30 IST" name="launchApp" finished-at="2024-12-27T12:01:35 IST" duration-ms="4724" status="PASS">
          <reporter-output>
          </reporter-output>
        </test-method> <!-- launchApp -->
        <test-method signature="ts1()[pri:0, instance:capstoneproject.CapstoneClass2@1de76cc7]" started-at="2024-12-27T12:01:51 IST" name="ts1" finished-at="2024-12-27T12:01:51 IST" duration-ms="24" status="PASS">
          <reporter-output>
          </reporter-output>
        </test-method> <!-- ts1 -->
        <test-method signature="ts2()[pri:0, instance:capstoneproject.CapstoneClass2@1de76cc7]" started-at="2024-12-27T12:01:51 IST" name="ts2" finished-at="2024-12-27T12:01:51 IST" duration-ms="33" status="PASS">
          <reporter-output>
          </reporter-output>
        </test-method> <!-- ts2 -->
        <test-method signature="ts3()[pri:0, instance:capstoneproject.CapstoneClass2@1de76cc7]" started-at="2024-12-27T12:01:51 IST" name="ts3" finished-at="2024-12-27T12:01:51 IST" duration-ms="49" status="PASS">
          <reporter-output>
          </reporter-output>
        </test-method> <!-- ts3 -->
        <test-method is-config="true" signature="closeApp()[pri:0, instance:capstoneproject.CapstoneClass2@1de76cc7]" started-at="2024-12-27T12:02:29 IST" name="closeApp" finished-at="2024-12-27T12:02:29 IST" duration-ms="104" status="PASS">
          <reporter-output>
          </reporter-output>
        </test-method> <!-- closeApp -->
      </class> <!-- capstoneproject.CapstoneClass2 -->
      <class name="capstoneproject.CapstoneClass5">
        <test-method is-config="true" signature="launchApp()[pri:0, instance:capstoneproject.CapstoneClass5@57cf54e1]" started-at="2024-12-27T12:02:20 IST" name="launchApp" finished-at="2024-12-27T12:02:24 IST" duration-ms="4216" status="PASS">
          <reporter-output>
          </reporter-output>
        </test-method> <!-- launchApp -->
        <test-method signature="bugTrack()[pri:0, instance:capstoneproject.CapstoneClass5@57cf54e1]" started-at="2024-12-27T12:02:24 IST" name="bugTrack" finished-at="2024-12-27T12:02:29 IST" duration-ms="4298" status="PASS">
          <reporter-output>
          </reporter-output>
        </test-method> <!-- bugTrack -->
        <test-method is-config="true" signature="closeApp()[pri:0, instance:capstoneproject.CapstoneClass5@57cf54e1]" started-at="2024-12-27T12:02:29 IST" name="closeApp" finished-at="2024-12-27T12:02:29 IST" duration-ms="93" status="PASS">
          <reporter-output>
          </reporter-output>
        </test-method> <!-- closeApp -->
      </class> <!-- capstoneproject.CapstoneClass5 -->
    </test> <!-- Capstone Regression Testing cycle -->
  </suite> <!-- Capstone Regression Suite -->
</testng-results>
